[2024-03-14T15:40:46.503Z] info:Signup Successfull
[2024-03-14T15:44:18.048Z] info:Registered for event successfully by user jerrytechs83@gmail.com for the event 1 
[2024-03-14T15:57:39.992Z] info:Login Successfull for user Admin
[2024-03-15T13:59:48.989Z] info:Login Successfull for user Admin
[2024-03-18T05:42:31.964Z] info:Login Successfull for user Admin
[2024-03-18T05:49:54.313Z] info:Login Successfull for user Admin
[2024-03-18T05:59:05.065Z] info:Sucessfully sent todays event list to the admin
[2024-03-18T09:54:36.507Z] info:Login Successfull for user Admin
[2024-03-18T10:21:41.411Z] info:Login Successfull for user Admin
[2024-03-18T10:31:08.442Z] info:Login Successfull for user Admin
[2024-03-18T14:59:10.014Z] info:Login Successfull for user Admin
[2024-03-18T15:16:12.447Z] info:Login Successfull for user Admin
[2024-03-18T15:25:23.360Z] info:Login Successfull for user Admin
[2024-03-18T15:36:30.429Z] info:Login Successfull for user Admin
[2024-03-18T15:40:46.192Z] info:Login Successfull for user Admin
[2024-03-18T15:44:45.951Z] info:Login Successfull for user Admin
[2024-03-18T15:45:48.582Z] info:Login Successfull for user Admin
[2024-03-18T15:57:22.827Z] info:Login Successfull for user Admin
[2024-03-18T16:03:51.595Z] info:Login Successfull for user Admin
[2024-03-18T16:08:37.136Z] info:Login Successfull for user Admin
[2024-03-18T16:10:06.656Z] info:Login Successfull for user Admin
[2024-03-18T16:47:55.010Z] info:Login Successfull for user Admin
[2024-03-19T05:40:43.460Z] info:Login Successfull for user Admin
[2024-03-19T05:42:35.280Z] info:Login Successfull for user Admin
[2024-03-19T05:43:09.287Z] info:Registered for event successfully by user jerrytechs83@gmail.com for the event 2 
[2024-03-19T06:02:41.100Z] info:Login Successfull for user Admin
[2024-03-19T06:16:00.124Z] info:Login Successfull for user Admin
[2024-03-19T06:40:48.038Z] info:Login Successfull for user Admin
[2024-03-19T06:41:06.667Z] info:Login Successfull for user Admin
[2024-03-19T07:07:01.231Z] info:Login Successfull for user Sajan Koirala
[2024-03-19T07:12:33.776Z] info:Login Successfull for user Sajan Koirala
[2024-03-19T07:12:50.581Z] info:Login Successfull for user Sajan Koirala
[2024-03-19T07:16:48.374Z] info:Login Successfull for user Sajan Koirala
[2024-03-19T07:29:27.450Z] info:Login Successfull for user Sajan Koirala
[2024-03-19T07:36:19.186Z] info:Login Successfull for user Sajan Koirala
[2024-03-19T08:28:32.024Z] info:Login Successfull for user Sajan Koirala
[2024-03-19T08:43:21.891Z] info:Login Successfull for user Sajan Koirala
[2024-03-19T08:43:28.278Z] info:Registered for event successfully by user sajan2121089@iimscollege.edu.np for the event 2 
[2024-03-19T09:15:13.781Z] info:Login Successfull for user Sajan Koirala
[2024-03-19T09:15:20.808Z] info:Registered for event successfully by user grumokuleugrau-5194@yopmail.com for the event 2 
[2024-03-19T09:37:22.715Z] info:Registered for event successfully by user jerrytechs83@gmail.com for the event 2 
[2024-03-19T09:38:01.543Z] info:Login Successfull for user Sajan Koirala
[2024-03-19T09:38:08.679Z] info:Registered for event successfully by user grumokuleugrau-5194@yopmail.com for the event 2 
[2024-03-19T12:19:40.126Z] info:Registered for event successfully by user jerrytechs83@gmail.com for the event 2 
[2024-03-19T12:19:52.956Z] info:Login Successfull for user Sajan Koirala
[2024-03-19T12:20:24.674Z] info:Login Successfull for user Sajan Koirala
[2024-03-19T12:20:30.794Z] info:Registered for event successfully by user grumokuleugrau-5194@yopmail.com for the event 2 
